2025-09-05 12:36:42,247 - INFO - 설정 파일 로딩 시도: 'C:\Users\qkrdb\Desktop\My_AI_Trader\config_home.ini'
2025-09-05 12:36:42,249 - INFO - ✅ 설정 파일 로드 완료.
2025-09-05 12:36:42,250 - INFO - --- 로드된 설정 내용 확인 ---
2025-09-05 12:36:42,250 - INFO - 섹션: [API_KEYS]
2025-09-05 12:36:42,250 - INFO -   api_key = PS3sKlYpqqJ81LD4ZOP8zRh3KAYVzXmLFDvK
2025-09-05 12:36:42,250 - INFO -   secret_key = p82v/iPnvqgbeZqdikBHMZ8XRPLKz4cAeMOUNI0exgF72NmaLYICkW/Q5Aqxyli07us1PdHiUPEI+3sBVhTt1yUidJju3OtTOgWeO+GT1SgoUfTP1sVPnx1S5fsLZ2+RSk1bDllIKbJj/eAFp6RzCqBMT1rQ1935k3n7qKNbNKGOD4b4Vos=
2025-09-05 12:36:42,251 - INFO -   gemini_api_key = AIzaSyBvOuz1XlRPWD9R9RZTOyCEIbdOOncSUQ
2025-09-05 12:36:42,251 - INFO -   fred_api_key = 29055cbd27ca42bf5bef0d39d06125cd
2025-09-05 12:36:42,251 - INFO - 섹션: [TELEGRAM]
2025-09-05 12:36:42,252 - INFO -   bot_token = 8253794465:AAHSdCHm0sJELhm3u0YyCYROIJsap8bvz2U
2025-09-05 12:36:42,253 - INFO -   chat_id = -1002728616199
2025-09-05 12:36:42,253 - INFO - 섹션: [PATHS]
2025-09-05 12:36:42,253 - INFO -   base_path = /content/drive/MyDrive/My_AI_Trader_Data/daily_price_fdr
2025-09-05 12:36:42,254 - INFO -   strategy_file = generated_strategies.txt
2025-09-05 12:36:42,254 - INFO -   log_file = main_log.txt
2025-09-05 12:36:42,255 - INFO -   report_file = final_hybrid_strategy.py
2025-09-05 12:36:42,255 - INFO - 섹션: [BACKTEST]
2025-09-05 12:36:42,256 - INFO - 섹션: [STRATEGY_PARAMS]
2025-09-05 12:36:42,256 - INFO -   profit_targets = 0.05, 0.10, 0.15
2025-09-05 12:36:42,256 - INFO -   stop_losses = 0.02, 0.03, 0.04
2025-09-05 12:36:42,257 - INFO -   dca_options = -0.05, -0.10
2025-09-05 12:36:42,257 - INFO - -----------------------------
2025-09-05 12:36:42,257 - INFO - 🚀 프로젝트 전체 자동화 워크플로우를 시작합니다.
2025-09-05 12:36:42,258 - INFO - --- [단계 시작] 설정 기반 전략 백테스팅 ---
2025-09-05 12:36:42,258 - INFO - 백테스터(AIBacktester) 설정 시작...
2025-09-05 12:36:42,259 - INFO - ✅ 백테스터 설정 완료. 18개의 전략 조합 생성.
2025-09-05 12:36:42,261 - INFO - 🚀 AI 비서 전략 자동 탐색기 (피보나치 강화 v1)를 시작합니다...
2025-09-05 12:36:42,262 - INFO - ✅ 총 0개의 기존 전략 결과를 확인했습니다. 중단된 지점부터 이어갑니다.
2025-09-05 12:36:48,103 - INFO - ✅ 총 2848개 종목에 대해 백테스팅을 시작합니다.
2025-09-05 12:36:48,104 - INFO - 
--- [1/18] 전략 '전략: 수익률 5%, 손절율 2%, 물타기 True' 백테스팅 시작 ---
2025-09-05 12:36:48,112 - INFO -     ... 200/2848 종목 처리 중 ...
2025-09-05 12:36:48,122 - INFO -     ... 400/2848 종목 처리 중 ...
2025-09-05 12:36:48,132 - INFO -     ... 600/2848 종목 처리 중 ...
2025-09-05 12:36:48,140 - INFO -     ... 800/2848 종목 처리 중 ...
2025-09-05 12:36:48,150 - INFO -     ... 1000/2848 종목 처리 중 ...
2025-09-05 12:36:48,159 - INFO -     ... 1200/2848 종목 처리 중 ...
2025-09-05 12:36:48,167 - INFO -     ... 1400/2848 종목 처리 중 ...
2025-09-05 12:36:48,176 - INFO -     ... 1600/2848 종목 처리 중 ...
2025-09-05 12:36:48,186 - INFO -     ... 1800/2848 종목 처리 중 ...
2025-09-05 12:36:48,194 - INFO -     ... 2000/2848 종목 처리 중 ...
2025-09-05 12:36:48,204 - INFO -     ... 2200/2848 종목 처리 중 ...
2025-09-05 12:36:48,214 - INFO -     ... 2400/2848 종목 처리 중 ...
2025-09-05 12:36:48,224 - INFO -     ... 2600/2848 종목 처리 중 ...
2025-09-05 12:36:48,234 - INFO -     ... 2800/2848 종목 처리 중 ...
2025-09-05 12:36:48,237 - INFO - ✅ 전략 백테스팅 완료. 남은 전략: 17개, 예상 시간: 0:00:02
2025-09-05 12:36:48,238 - INFO - 
--- [2/18] 전략 '전략: 수익률 5%, 손절율 2%, 물타기 True' 백테스팅 시작 ---
2025-09-05 12:36:48,247 - INFO -     ... 200/2848 종목 처리 중 ...
2025-09-05 12:36:48,257 - INFO -     ... 400/2848 종목 처리 중 ...
2025-09-05 12:36:48,266 - INFO -     ... 600/2848 종목 처리 중 ...
2025-09-05 12:36:48,275 - INFO -     ... 800/2848 종목 처리 중 ...
2025-09-05 12:36:48,286 - INFO -     ... 1000/2848 종목 처리 중 ...
2025-09-05 12:36:48,296 - INFO -     ... 1200/2848 종목 처리 중 ...
2025-09-05 12:36:48,304 - INFO -     ... 1400/2848 종목 처리 중 ...
2025-09-05 12:36:48,314 - INFO -     ... 1600/2848 종목 처리 중 ...
2025-09-05 12:36:48,324 - INFO -     ... 1800/2848 종목 처리 중 ...
2025-09-05 12:36:48,335 - INFO -     ... 2000/2848 종목 처리 중 ...
2025-09-05 12:36:48,343 - INFO -     ... 2200/2848 종목 처리 중 ...
2025-09-05 12:36:48,353 - INFO -     ... 2400/2848 종목 처리 중 ...
2025-09-05 12:36:48,364 - INFO -     ... 2600/2848 종목 처리 중 ...
2025-09-05 12:36:48,373 - INFO -     ... 2800/2848 종목 처리 중 ...
2025-09-05 12:36:48,375 - INFO - ✅ 전략 백테스팅 완료. 남은 전략: 16개, 예상 시간: 0:00:02
2025-09-05 12:36:48,376 - INFO - 
--- [3/18] 전략 '전략: 수익률 5%, 손절율 3%, 물타기 True' 백테스팅 시작 ---
2025-09-05 12:36:48,385 - INFO -     ... 200/2848 종목 처리 중 ...
2025-09-05 12:36:48,394 - INFO -     ... 400/2848 종목 처리 중 ...
2025-09-05 12:36:48,403 - INFO -     ... 600/2848 종목 처리 중 ...
2025-09-05 12:36:48,413 - INFO -     ... 800/2848 종목 처리 중 ...
2025-09-05 12:36:48,422 - INFO -     ... 1000/2848 종목 처리 중 ...
2025-09-05 12:36:48,431 - INFO -     ... 1200/2848 종목 처리 중 ...
2025-09-05 12:36:48,441 - INFO -     ... 1400/2848 종목 처리 중 ...
2025-09-05 12:36:48,450 - INFO -     ... 1600/2848 종목 처리 중 ...
2025-09-05 12:36:48,459 - INFO -     ... 1800/2848 종목 처리 중 ...
2025-09-05 12:36:48,469 - INFO -     ... 2000/2848 종목 처리 중 ...
2025-09-05 12:36:48,477 - INFO -     ... 2200/2848 종목 처리 중 ...
2025-09-05 12:36:48,487 - INFO -     ... 2400/2848 종목 처리 중 ...
2025-09-05 12:36:48,495 - INFO -     ... 2600/2848 종목 처리 중 ...
2025-09-05 12:36:48,505 - INFO -     ... 2800/2848 종목 처리 중 ...
2025-09-05 12:36:48,507 - INFO - ✅ 전략 백테스팅 완료. 남은 전략: 15개, 예상 시간: 0:00:02
2025-09-05 12:36:48,507 - INFO - 
--- [4/18] 전략 '전략: 수익률 5%, 손절율 3%, 물타기 True' 백테스팅 시작 ---
2025-09-05 12:36:48,517 - INFO -     ... 200/2848 종목 처리 중 ...
2025-09-05 12:36:48,525 - INFO -     ... 400/2848 종목 처리 중 ...
2025-09-05 12:36:48,534 - INFO -     ... 600/2848 종목 처리 중 ...
2025-09-05 12:36:48,542 - INFO -     ... 800/2848 종목 처리 중 ...
2025-09-05 12:36:48,552 - INFO -     ... 1000/2848 종목 처리 중 ...
2025-09-05 12:36:48,561 - INFO -     ... 1200/2848 종목 처리 중 ...
2025-09-05 12:36:48,570 - INFO -     ... 1400/2848 종목 처리 중 ...
2025-09-05 12:36:48,579 - INFO -     ... 1600/2848 종목 처리 중 ...
2025-09-05 12:36:48,589 - INFO -     ... 1800/2848 종목 처리 중 ...
2025-09-05 12:36:48,600 - INFO -     ... 2000/2848 종목 처리 중 ...
2025-09-05 12:36:48,608 - INFO -     ... 2200/2848 종목 처리 중 ...
2025-09-05 12:36:48,617 - INFO -     ... 2400/2848 종목 처리 중 ...
2025-09-05 12:36:48,626 - INFO -     ... 2600/2848 종목 처리 중 ...
2025-09-05 12:36:48,635 - INFO -     ... 2800/2848 종목 처리 중 ...
2025-09-05 12:36:48,637 - INFO - ✅ 전략 백테스팅 완료. 남은 전략: 14개, 예상 시간: 0:00:01
2025-09-05 12:36:48,638 - INFO - 
--- [5/18] 전략 '전략: 수익률 5%, 손절율 4%, 물타기 True' 백테스팅 시작 ---
2025-09-05 12:36:48,649 - INFO -     ... 200/2848 종목 처리 중 ...
2025-09-05 12:36:48,657 - INFO -     ... 400/2848 종목 처리 중 ...
2025-09-05 12:36:48,699 - INFO -     ... 600/2848 종목 처리 중 ...
2025-09-05 12:36:48,747 - INFO -     ... 800/2848 종목 처리 중 ...
2025-09-05 12:36:48,757 - INFO -     ... 1000/2848 종목 처리 중 ...
2025-09-05 12:36:48,766 - INFO -     ... 1200/2848 종목 처리 중 ...
2025-09-05 12:36:48,774 - INFO -     ... 1400/2848 종목 처리 중 ...
2025-09-05 12:36:48,783 - INFO -     ... 1600/2848 종목 처리 중 ...
2025-09-05 12:36:48,791 - INFO -     ... 1800/2848 종목 처리 중 ...
2025-09-05 12:36:48,800 - INFO -     ... 2000/2848 종목 처리 중 ...
2025-09-05 12:36:48,808 - INFO -     ... 2200/2848 종목 처리 중 ...
2025-09-05 12:36:48,818 - INFO -     ... 2400/2848 종목 처리 중 ...
2025-09-05 12:36:48,828 - INFO -     ... 2600/2848 종목 처리 중 ...
2025-09-05 12:36:48,836 - INFO -     ... 2800/2848 종목 처리 중 ...
2025-09-05 12:36:48,839 - INFO - ✅ 전략 백테스팅 완료. 남은 전략: 13개, 예상 시간: 0:00:01
2025-09-05 12:36:48,839 - INFO - 
--- [6/18] 전략 '전략: 수익률 5%, 손절율 4%, 물타기 True' 백테스팅 시작 ---
2025-09-05 12:36:48,848 - INFO -     ... 200/2848 종목 처리 중 ...
2025-09-05 12:36:48,857 - INFO -     ... 400/2848 종목 처리 중 ...
2025-09-05 12:36:48,868 - INFO -     ... 600/2848 종목 처리 중 ...
2025-09-05 12:36:48,877 - INFO -     ... 800/2848 종목 처리 중 ...
2025-09-05 12:36:48,887 - INFO -     ... 1000/2848 종목 처리 중 ...
2025-09-05 12:36:48,896 - INFO -     ... 1200/2848 종목 처리 중 ...
2025-09-05 12:36:48,905 - INFO -     ... 1400/2848 종목 처리 중 ...
2025-09-05 12:36:48,916 - INFO -     ... 1600/2848 종목 처리 중 ...
2025-09-05 12:36:48,925 - INFO -     ... 1800/2848 종목 처리 중 ...
2025-09-05 12:36:48,936 - INFO -     ... 2000/2848 종목 처리 중 ...
2025-09-05 12:36:48,944 - INFO -     ... 2200/2848 종목 처리 중 ...
2025-09-05 12:36:48,953 - INFO -     ... 2400/2848 종목 처리 중 ...
2025-09-05 12:36:48,966 - INFO -     ... 2600/2848 종목 처리 중 ...
2025-09-05 12:36:48,974 - INFO -     ... 2800/2848 종목 처리 중 ...
2025-09-05 12:36:48,977 - INFO - ✅ 전략 백테스팅 완료. 남은 전략: 12개, 예상 시간: 0:00:01
2025-09-05 12:36:48,978 - INFO - 
--- [7/18] 전략 '전략: 수익률 10%, 손절율 2%, 물타기 True' 백테스팅 시작 ---
2025-09-05 12:36:48,987 - INFO -     ... 200/2848 종목 처리 중 ...
2025-09-05 12:36:48,996 - INFO -     ... 400/2848 종목 처리 중 ...
2025-09-05 12:36:49,005 - INFO -     ... 600/2848 종목 처리 중 ...
2025-09-05 12:36:49,015 - INFO -     ... 800/2848 종목 처리 중 ...
2025-09-05 12:36:49,023 - INFO -     ... 1000/2848 종목 처리 중 ...
2025-09-05 12:36:49,032 - INFO -     ... 1200/2848 종목 처리 중 ...
2025-09-05 12:36:49,041 - INFO -     ... 1400/2848 종목 처리 중 ...
2025-09-05 12:36:49,050 - INFO -     ... 1600/2848 종목 처리 중 ...
2025-09-05 12:36:49,059 - INFO -     ... 1800/2848 종목 처리 중 ...
2025-09-05 12:36:49,069 - INFO -     ... 2000/2848 종목 처리 중 ...
2025-09-05 12:36:49,077 - INFO -     ... 2200/2848 종목 처리 중 ...
2025-09-05 12:36:49,088 - INFO -     ... 2400/2848 종목 처리 중 ...
2025-09-05 12:36:49,096 - INFO -     ... 2600/2848 종목 처리 중 ...
2025-09-05 12:36:49,106 - INFO -     ... 2800/2848 종목 처리 중 ...
2025-09-05 12:36:49,108 - INFO - ✅ 전략 백테스팅 완료. 남은 전략: 11개, 예상 시간: 0:00:01
2025-09-05 12:36:49,108 - INFO - 
--- [8/18] 전략 '전략: 수익률 10%, 손절율 2%, 물타기 True' 백테스팅 시작 ---
2025-09-05 12:36:49,118 - INFO -     ... 200/2848 종목 처리 중 ...
2025-09-05 12:36:49,127 - INFO -     ... 400/2848 종목 처리 중 ...
2025-09-05 12:36:49,137 - INFO -     ... 600/2848 종목 처리 중 ...
2025-09-05 12:36:49,146 - INFO -     ... 800/2848 종목 처리 중 ...
2025-09-05 12:36:49,154 - INFO -     ... 1000/2848 종목 처리 중 ...
2025-09-05 12:36:49,164 - INFO -     ... 1200/2848 종목 처리 중 ...
2025-09-05 12:36:49,172 - INFO -     ... 1400/2848 종목 처리 중 ...
2025-09-05 12:36:49,180 - INFO -     ... 1600/2848 종목 처리 중 ...
2025-09-05 12:36:49,188 - INFO -     ... 1800/2848 종목 처리 중 ...
2025-09-05 12:36:49,198 - INFO -     ... 2000/2848 종목 처리 중 ...
2025-09-05 12:36:49,207 - INFO -     ... 2200/2848 종목 처리 중 ...
2025-09-05 12:36:49,216 - INFO -     ... 2400/2848 종목 처리 중 ...
2025-09-05 12:36:49,225 - INFO -     ... 2600/2848 종목 처리 중 ...
2025-09-05 12:36:49,234 - INFO -     ... 2800/2848 종목 처리 중 ...
2025-09-05 12:36:49,237 - INFO - ✅ 전략 백테스팅 완료. 남은 전략: 10개, 예상 시간: 0:00:01
2025-09-05 12:36:49,237 - INFO - 
--- [9/18] 전략 '전략: 수익률 10%, 손절율 3%, 물타기 True' 백테스팅 시작 ---
2025-09-05 12:36:49,247 - INFO -     ... 200/2848 종목 처리 중 ...
2025-09-05 12:36:49,256 - INFO -     ... 400/2848 종목 처리 중 ...
2025-09-05 12:36:49,265 - INFO -     ... 600/2848 종목 처리 중 ...
2025-09-05 12:36:49,274 - INFO -     ... 800/2848 종목 처리 중 ...
2025-09-05 12:36:49,283 - INFO -     ... 1000/2848 종목 처리 중 ...
2025-09-05 12:36:49,292 - INFO -     ... 1200/2848 종목 처리 중 ...
2025-09-05 12:36:49,302 - INFO -     ... 1400/2848 종목 처리 중 ...
2025-09-05 12:36:49,311 - INFO -     ... 1600/2848 종목 처리 중 ...
2025-09-05 12:36:49,321 - INFO -     ... 1800/2848 종목 처리 중 ...
2025-09-05 12:36:49,331 - INFO -     ... 2000/2848 종목 처리 중 ...
2025-09-05 12:36:49,341 - INFO -     ... 2200/2848 종목 처리 중 ...
2025-09-05 12:36:49,351 - INFO -     ... 2400/2848 종목 처리 중 ...
2025-09-05 12:36:49,359 - INFO -     ... 2600/2848 종목 처리 중 ...
2025-09-05 12:36:49,372 - INFO -     ... 2800/2848 종목 처리 중 ...
2025-09-05 12:36:49,374 - INFO - ✅ 전략 백테스팅 완료. 남은 전략: 9개, 예상 시간: 0:00:01
2025-09-05 12:36:49,374 - INFO - 
--- [10/18] 전략 '전략: 수익률 10%, 손절율 3%, 물타기 True' 백테스팅 시작 ---
2025-09-05 12:36:49,385 - INFO -     ... 200/2848 종목 처리 중 ...
2025-09-05 12:36:49,393 - INFO -     ... 400/2848 종목 처리 중 ...
2025-09-05 12:36:49,404 - INFO -     ... 600/2848 종목 처리 중 ...
2025-09-05 12:36:49,416 - INFO -     ... 800/2848 종목 처리 중 ...
2025-09-05 12:36:49,424 - INFO -     ... 1000/2848 종목 처리 중 ...
2025-09-05 12:36:49,434 - INFO -     ... 1200/2848 종목 처리 중 ...
2025-09-05 12:36:49,442 - INFO -     ... 1400/2848 종목 처리 중 ...
2025-09-05 12:36:49,452 - INFO -     ... 1600/2848 종목 처리 중 ...
2025-09-05 12:36:49,460 - INFO -     ... 1800/2848 종목 처리 중 ...
2025-09-05 12:36:49,470 - INFO -     ... 2000/2848 종목 처리 중 ...
2025-09-05 12:36:49,480 - INFO -     ... 2200/2848 종목 처리 중 ...
2025-09-05 12:36:49,488 - INFO -     ... 2400/2848 종목 처리 중 ...
2025-09-05 12:36:49,498 - INFO -     ... 2600/2848 종목 처리 중 ...
2025-09-05 12:36:49,506 - INFO -     ... 2800/2848 종목 처리 중 ...
2025-09-05 12:36:49,507 - INFO - ✅ 전략 백테스팅 완료. 남은 전략: 8개, 예상 시간: 0:00:01
2025-09-05 12:36:49,508 - INFO - 
--- [11/18] 전략 '전략: 수익률 10%, 손절율 4%, 물타기 True' 백테스팅 시작 ---
2025-09-05 12:36:49,517 - INFO -     ... 200/2848 종목 처리 중 ...
2025-09-05 12:36:49,525 - INFO -     ... 400/2848 종목 처리 중 ...
2025-09-05 12:36:49,534 - INFO -     ... 600/2848 종목 처리 중 ...
2025-09-05 12:36:49,543 - INFO -     ... 800/2848 종목 처리 중 ...
2025-09-05 12:36:49,553 - INFO -     ... 1000/2848 종목 처리 중 ...
2025-09-05 12:36:49,562 - INFO -     ... 1200/2848 종목 처리 중 ...
2025-09-05 12:36:49,570 - INFO -     ... 1400/2848 종목 처리 중 ...
2025-09-05 12:36:49,579 - INFO -     ... 1600/2848 종목 처리 중 ...
2025-09-05 12:36:49,588 - INFO -     ... 1800/2848 종목 처리 중 ...
2025-09-05 12:36:49,597 - INFO -     ... 2000/2848 종목 처리 중 ...
2025-09-05 12:36:49,606 - INFO -     ... 2200/2848 종목 처리 중 ...
2025-09-05 12:36:49,615 - INFO -     ... 2400/2848 종목 처리 중 ...
2025-09-05 12:36:49,623 - INFO -     ... 2600/2848 종목 처리 중 ...
2025-09-05 12:36:49,633 - INFO -     ... 2800/2848 종목 처리 중 ...
2025-09-05 12:36:49,635 - INFO - ✅ 전략 백테스팅 완료. 남은 전략: 7개, 예상 시간: 0:00:00
2025-09-05 12:36:49,637 - INFO - 
--- [12/18] 전략 '전략: 수익률 10%, 손절율 4%, 물타기 True' 백테스팅 시작 ---
2025-09-05 12:36:49,645 - INFO -     ... 200/2848 종목 처리 중 ...
2025-09-05 12:36:49,657 - INFO -     ... 400/2848 종목 처리 중 ...
2025-09-05 12:36:49,668 - INFO -     ... 600/2848 종목 처리 중 ...
2025-09-05 12:36:49,678 - INFO -     ... 800/2848 종목 처리 중 ...
2025-09-05 12:36:49,689 - INFO -     ... 1000/2848 종목 처리 중 ...
2025-09-05 12:36:49,699 - INFO -     ... 1200/2848 종목 처리 중 ...
2025-09-05 12:36:49,707 - INFO -     ... 1400/2848 종목 처리 중 ...
2025-09-05 12:36:49,716 - INFO -     ... 1600/2848 종목 처리 중 ...
2025-09-05 12:36:49,725 - INFO -     ... 1800/2848 종목 처리 중 ...
2025-09-05 12:36:49,736 - INFO -     ... 2000/2848 종목 처리 중 ...
2025-09-05 12:36:49,744 - INFO -     ... 2200/2848 종목 처리 중 ...
2025-09-05 12:36:49,753 - INFO -     ... 2400/2848 종목 처리 중 ...
2025-09-05 12:36:49,763 - INFO -     ... 2600/2848 종목 처리 중 ...
2025-09-05 12:36:49,772 - INFO -     ... 2800/2848 종목 처리 중 ...
2025-09-05 12:36:49,774 - INFO - ✅ 전략 백테스팅 완료. 남은 전략: 6개, 예상 시간: 0:00:00
2025-09-05 12:36:49,775 - INFO - 
--- [13/18] 전략 '전략: 수익률 15%, 손절율 2%, 물타기 True' 백테스팅 시작 ---
2025-09-05 12:36:49,784 - INFO -     ... 200/2848 종목 처리 중 ...
2025-09-05 12:36:49,792 - INFO -     ... 400/2848 종목 처리 중 ...
2025-09-05 12:36:49,801 - INFO -     ... 600/2848 종목 처리 중 ...
2025-09-05 12:36:49,810 - INFO -     ... 800/2848 종목 처리 중 ...
2025-09-05 12:36:49,820 - INFO -     ... 1000/2848 종목 처리 중 ...
2025-09-05 12:36:49,827 - INFO -     ... 1200/2848 종목 처리 중 ...
2025-09-05 12:36:49,837 - INFO -     ... 1400/2848 종목 처리 중 ...
2025-09-05 12:36:49,845 - INFO -     ... 1600/2848 종목 처리 중 ...
2025-09-05 12:36:49,855 - INFO -     ... 1800/2848 종목 처리 중 ...
2025-09-05 12:36:49,864 - INFO -     ... 2000/2848 종목 처리 중 ...
2025-09-05 12:36:49,873 - INFO -     ... 2200/2848 종목 처리 중 ...
2025-09-05 12:36:49,881 - INFO -     ... 2400/2848 종목 처리 중 ...
2025-09-05 12:36:49,889 - INFO -     ... 2600/2848 종목 처리 중 ...
2025-09-05 12:36:49,899 - INFO -     ... 2800/2848 종목 처리 중 ...
2025-09-05 12:36:49,901 - INFO - ✅ 전략 백테스팅 완료. 남은 전략: 5개, 예상 시간: 0:00:00
2025-09-05 12:36:49,901 - INFO - 
--- [14/18] 전략 '전략: 수익률 15%, 손절율 2%, 물타기 True' 백테스팅 시작 ---
2025-09-05 12:36:49,912 - INFO -     ... 200/2848 종목 처리 중 ...
2025-09-05 12:36:49,921 - INFO -     ... 400/2848 종목 처리 중 ...
2025-09-05 12:36:49,932 - INFO -     ... 600/2848 종목 처리 중 ...
2025-09-05 12:36:49,941 - INFO -     ... 800/2848 종목 처리 중 ...
2025-09-05 12:36:49,950 - INFO -     ... 1000/2848 종목 처리 중 ...
2025-09-05 12:36:49,958 - INFO -     ... 1200/2848 종목 처리 중 ...
2025-09-05 12:36:49,967 - INFO -     ... 1400/2848 종목 처리 중 ...
2025-09-05 12:36:49,978 - INFO -     ... 1600/2848 종목 처리 중 ...
2025-09-05 12:36:49,988 - INFO -     ... 1800/2848 종목 처리 중 ...
2025-09-05 12:36:49,997 - INFO -     ... 2000/2848 종목 처리 중 ...
2025-09-05 12:36:50,008 - INFO -     ... 2200/2848 종목 처리 중 ...
2025-09-05 12:36:50,022 - INFO -     ... 2400/2848 종목 처리 중 ...
2025-09-05 12:36:50,030 - INFO -     ... 2600/2848 종목 처리 중 ...
2025-09-05 12:36:50,040 - INFO -     ... 2800/2848 종목 처리 중 ...
2025-09-05 12:36:50,042 - INFO - ✅ 전략 백테스팅 완료. 남은 전략: 4개, 예상 시간: 0:00:00
2025-09-05 12:36:50,042 - INFO - 
--- [15/18] 전략 '전략: 수익률 15%, 손절율 3%, 물타기 True' 백테스팅 시작 ---
2025-09-05 12:36:50,053 - INFO -     ... 200/2848 종목 처리 중 ...
2025-09-05 12:36:50,063 - INFO -     ... 400/2848 종목 처리 중 ...
2025-09-05 12:36:50,072 - INFO -     ... 600/2848 종목 처리 중 ...
2025-09-05 12:36:50,082 - INFO -     ... 800/2848 종목 처리 중 ...
2025-09-05 12:36:50,089 - INFO -     ... 1000/2848 종목 처리 중 ...
2025-09-05 12:36:50,102 - INFO -     ... 1200/2848 종목 처리 중 ...
2025-09-05 12:36:50,112 - INFO -     ... 1400/2848 종목 처리 중 ...
2025-09-05 12:36:50,121 - INFO -     ... 1600/2848 종목 처리 중 ...
2025-09-05 12:36:50,132 - INFO -     ... 1800/2848 종목 처리 중 ...
2025-09-05 12:36:50,141 - INFO -     ... 2000/2848 종목 처리 중 ...
2025-09-05 12:36:50,150 - INFO -     ... 2200/2848 종목 처리 중 ...
2025-09-05 12:36:50,158 - INFO -     ... 2400/2848 종목 처리 중 ...
2025-09-05 12:36:50,168 - INFO -     ... 2600/2848 종목 처리 중 ...
2025-09-05 12:36:50,177 - INFO -     ... 2800/2848 종목 처리 중 ...
2025-09-05 12:36:50,181 - INFO - ✅ 전략 백테스팅 완료. 남은 전략: 3개, 예상 시간: 0:00:00
2025-09-05 12:36:50,181 - INFO - 
--- [16/18] 전략 '전략: 수익률 15%, 손절율 3%, 물타기 True' 백테스팅 시작 ---
2025-09-05 12:36:50,190 - INFO -     ... 200/2848 종목 처리 중 ...
2025-09-05 12:36:50,199 - INFO -     ... 400/2848 종목 처리 중 ...
2025-09-05 12:36:50,208 - INFO -     ... 600/2848 종목 처리 중 ...
2025-09-05 12:36:50,218 - INFO -     ... 800/2848 종목 처리 중 ...
2025-09-05 12:36:50,226 - INFO -     ... 1000/2848 종목 처리 중 ...
2025-09-05 12:36:50,236 - INFO -     ... 1200/2848 종목 처리 중 ...
2025-09-05 12:36:50,244 - INFO -     ... 1400/2848 종목 처리 중 ...
2025-09-05 12:36:50,254 - INFO -     ... 1600/2848 종목 처리 중 ...
2025-09-05 12:36:50,261 - INFO -     ... 1800/2848 종목 처리 중 ...
2025-09-05 12:36:50,271 - INFO -     ... 2000/2848 종목 처리 중 ...
2025-09-05 12:36:50,279 - INFO -     ... 2200/2848 종목 처리 중 ...
2025-09-05 12:36:50,289 - INFO -     ... 2400/2848 종목 처리 중 ...
2025-09-05 12:36:50,299 - INFO -     ... 2600/2848 종목 처리 중 ...
2025-09-05 12:36:50,307 - INFO -     ... 2800/2848 종목 처리 중 ...
2025-09-05 12:36:50,310 - INFO - ✅ 전략 백테스팅 완료. 남은 전략: 2개, 예상 시간: 0:00:00
2025-09-05 12:36:50,311 - INFO - 
--- [17/18] 전략 '전략: 수익률 15%, 손절율 4%, 물타기 True' 백테스팅 시작 ---
2025-09-05 12:36:50,326 - INFO -     ... 200/2848 종목 처리 중 ...
2025-09-05 12:36:50,336 - INFO -     ... 400/2848 종목 처리 중 ...
2025-09-05 12:36:50,346 - INFO -     ... 600/2848 종목 처리 중 ...
2025-09-05 12:36:50,358 - INFO -     ... 800/2848 종목 처리 중 ...
2025-09-05 12:36:50,369 - INFO -     ... 1000/2848 종목 처리 중 ...
2025-09-05 12:36:50,379 - INFO -     ... 1200/2848 종목 처리 중 ...
2025-09-05 12:36:50,389 - INFO -     ... 1400/2848 종목 처리 중 ...
2025-09-05 12:36:50,400 - INFO -     ... 1600/2848 종목 처리 중 ...
2025-09-05 12:36:50,409 - INFO -     ... 1800/2848 종목 처리 중 ...
2025-09-05 12:36:50,418 - INFO -     ... 2000/2848 종목 처리 중 ...
2025-09-05 12:36:50,427 - INFO -     ... 2200/2848 종목 처리 중 ...
2025-09-05 12:36:50,436 - INFO -     ... 2400/2848 종목 처리 중 ...
2025-09-05 12:36:50,445 - INFO -     ... 2600/2848 종목 처리 중 ...
2025-09-05 12:36:50,456 - INFO -     ... 2800/2848 종목 처리 중 ...
2025-09-05 12:36:50,458 - INFO - ✅ 전략 백테스팅 완료. 남은 전략: 1개, 예상 시간: 0:00:00
2025-09-05 12:36:50,459 - INFO - 
--- [18/18] 전략 '전략: 수익률 15%, 손절율 4%, 물타기 True' 백테스팅 시작 ---
2025-09-05 12:36:50,469 - INFO -     ... 200/2848 종목 처리 중 ...
2025-09-05 12:36:50,477 - INFO -     ... 400/2848 종목 처리 중 ...
2025-09-05 12:36:50,487 - INFO -     ... 600/2848 종목 처리 중 ...
2025-09-05 12:36:50,496 - INFO -     ... 800/2848 종목 처리 중 ...
2025-09-05 12:36:50,505 - INFO -     ... 1000/2848 종목 처리 중 ...
2025-09-05 12:36:50,513 - INFO -     ... 1200/2848 종목 처리 중 ...
2025-09-05 12:36:50,522 - INFO -     ... 1400/2848 종목 처리 중 ...
2025-09-05 12:36:50,532 - INFO -     ... 1600/2848 종목 처리 중 ...
2025-09-05 12:36:50,541 - INFO -     ... 1800/2848 종목 처리 중 ...
2025-09-05 12:36:50,550 - INFO -     ... 2000/2848 종목 처리 중 ...
2025-09-05 12:36:50,558 - INFO -     ... 2200/2848 종목 처리 중 ...
2025-09-05 12:36:50,567 - INFO -     ... 2400/2848 종목 처리 중 ...
2025-09-05 12:36:50,576 - INFO -     ... 2600/2848 종목 처리 중 ...
2025-09-05 12:36:50,585 - INFO -     ... 2800/2848 종목 처리 중 ...
2025-09-05 12:36:50,588 - INFO - ✅ 전략 백테스팅 완료. 남은 전략: 0개, 예상 시간: 0:00:00
2025-09-05 12:36:50,588 - INFO - 🎉 모든 백테스팅 완료! 최종 결과는 '\content\drive\MyDrive\My_AI_Trader_Data\daily_price_fdr\final_hybrid_strategy.py'에 저장되었습니다.
2025-09-05 12:36:50,589 - INFO - ✅ [단계 완료] 설정 기반 전략 백테스팅
2025-09-05 12:36:50,589 - INFO - --- [단계 시작] 결과 분석 및 보고 ---
2025-09-05 12:36:50,589 - INFO - 결과 분석기(ResultAnalyzer) 설정 시작...
2025-09-05 12:36:50,590 - INFO - ✅ 결과 분석기 설정 완료.
2025-09-05 12:36:50,591 - INFO - '\content\drive\MyDrive\My_AI_Trader_Data\daily_price_fdr\final_hybrid_strategy.py' 파일 분석 시작...
2025-09-05 12:36:50,591 - WARNING - 분석할 유효한 백테스팅 결과 데이터가 없습니다.
2025-09-05 12:36:50,592 - INFO - ✅ [단계 완료] 결과 분석 및 보고
2025-09-05 12:36:50,592 - INFO - 🎉 모든 워크플로우 단계가 성공적으로 완료되었습니다.
